2026-03-21 01:05:46.173 [New I/O server worker #1-1] ERROR c.a.otter.canal.server.netty.handler.SessionHandler - something goes wrong with channel:[id: 0x4ac37ab2, /127.0.0.1:61152 => /127.0.0.1:11111], exception=java.io.IOException: 远程主机强迫关闭了一个现有的连接。
	at sun.nio.ch.SocketDispatcher.read0(Native Method)
	at sun.nio.ch.SocketDispatcher.read(SocketDispatcher.java:43)
	at sun.nio.ch.IOUtil.readIntoNativeBuffer(IOUtil.java:223)
	at sun.nio.ch.IOUtil.read(IOUtil.java:192)
	at sun.nio.ch.SocketChannelImpl.read(SocketChannelImpl.java:379)
	at org.jboss.netty.channel.socket.nio.NioWorker.read(NioWorker.java:323)
	at org.jboss.netty.channel.socket.nio.NioWorker.processSelectedKeys(NioWorker.java:282)
	at org.jboss.netty.channel.socket.nio.NioWorker.run(NioWorker.java:202)
	at java.util.concurrent.ThreadPoolExecutor.runWorker(ThreadPoolExecutor.java:1149)
	at java.util.concurrent.ThreadPoolExecutor$Worker.run(ThreadPoolExecutor.java:624)
	at java.lang.Thread.run(Thread.java:750)

2026-03-21 09:56:08.534 [New I/O server worker #1-2] ERROR c.a.otter.canal.server.netty.handler.SessionHandler - something goes wrong with channel:[id: 0x51955f24, /127.0.0.1:51511 => /127.0.0.1:11111], exception=java.io.IOException: 远程主机强迫关闭了一个现有的连接。
	at sun.nio.ch.SocketDispatcher.read0(Native Method)
	at sun.nio.ch.SocketDispatcher.read(SocketDispatcher.java:43)
	at sun.nio.ch.IOUtil.readIntoNativeBuffer(IOUtil.java:223)
	at sun.nio.ch.IOUtil.read(IOUtil.java:192)
	at sun.nio.ch.SocketChannelImpl.read(SocketChannelImpl.java:379)
	at org.jboss.netty.channel.socket.nio.NioWorker.read(NioWorker.java:323)
	at org.jboss.netty.channel.socket.nio.NioWorker.processSelectedKeys(NioWorker.java:282)
	at org.jboss.netty.channel.socket.nio.NioWorker.run(NioWorker.java:202)
	at java.util.concurrent.ThreadPoolExecutor.runWorker(ThreadPoolExecutor.java:1149)
	at java.util.concurrent.ThreadPoolExecutor$Worker.run(ThreadPoolExecutor.java:624)
	at java.lang.Thread.run(Thread.java:750)

